i:\apex_cheat_recode\sdk\sdk\x64\release\vc142.pdb
i:\apex_cheat_recode\sdk\sdk\x64\release\rage.obj
i:\apex_cheat_recode\sdk\sdk\x64\release\offset.obj
i:\apex_cheat_recode\sdk\sdk\x64\release\netvars.obj
i:\apex_cheat_recode\sdk\sdk\x64\release\misc.obj
i:\apex_cheat_recode\sdk\sdk\x64\release\vmatrix.obj
i:\apex_cheat_recode\sdk\sdk\x64\release\vector4d.obj
i:\apex_cheat_recode\sdk\sdk\x64\release\vector2d.obj
i:\apex_cheat_recode\sdk\sdk\x64\release\main.obj
i:\apex_cheat_recode\sdk\sdk\x64\release\imgui_impl_dx11.obj
i:\apex_cheat_recode\sdk\sdk\x64\release\imgui_draw.obj
i:\apex_cheat_recode\sdk\sdk\x64\release\imgui.obj
i:\apex_cheat_recode\sdk\sdk\x64\release\icliententitylist.obj
i:\apex_cheat_recode\sdk\sdk\x64\release\hooks.obj
i:\apex_cheat_recode\sdk\sdk\x64\release\entityclient.obj
i:\apex_cheat_recode\sdk\sdk\x64\release\entity.obj
i:\apex_cheat_recode\sdk\sdk\x64\release\d3ddraw.obj
i:\apex_cheat_recode\sdk\sdk\x64\release\common.obj
i:\apex_cheat_recode\sdk\sdk\x64\release\cheat.obj
i:\apex_cheat_recode\sdk\sdk\x64\release\actormgr.obj
i:\apex_cheat_recode\sdk\sdk\x64\release\acbypass.obj
i:\apex_cheat_recode\sdk\sdk\x64\release\utils.obj
i:\apex_cheat_recode\sdk\sdk\x64\release\rw_reg.obj
i:\apex_cheat_recode\sdk\sdk\x64\release\arraybase.obj
i:\apex_cheat_recode\sdk\sdk\x64\release\sdk.obj
i:\apex_cheat_recode\sdk\sdk\x64\release\trampoline.obj
i:\apex_cheat_recode\sdk\sdk\x64\release\hook.obj
i:\apex_cheat_recode\sdk\sdk\x64\release\hde64.obj
i:\apex_cheat_recode\sdk\sdk\x64\release\hde32.obj
i:\apex_cheat_recode\sdk\sdk\x64\release\buffer.obj
i:\apex_cheat_recode\sdk\x64\release\sdk.ipdb
i:\apex_cheat_recode\sdk\x64\release\sdk.iobj
i:\apex_cheat_recode\sdk\sdk\x64\release\sdk.tlog\cl.command.1.tlog
i:\apex_cheat_recode\sdk\sdk\x64\release\sdk.tlog\cl.read.1.tlog
i:\apex_cheat_recode\sdk\sdk\x64\release\sdk.tlog\cl.write.1.tlog
i:\apex_cheat_recode\sdk\sdk\x64\release\sdk.tlog\link.command.1.tlog
i:\apex_cheat_recode\sdk\sdk\x64\release\sdk.tlog\link.read.1.tlog
i:\apex_cheat_recode\sdk\sdk\x64\release\sdk.tlog\link.write.1.tlog
i:\apex_cheat_recode\sdk\sdk\x64\release\sdk.tlog\sdk.write.1u.tlog
